<?xml version="1.0" encoding="UTF-8"?>
<!-- Generated by org.testng.reporters.JUnitXMLReporter -->
<testsuite ignored="3" hostname="LAPTOP-SR90L28N" failures="0" tests="1" name="Default test" time="0.047" errors="0" timestamp="2022-03-13T19:41:38 IST">
  <testcase classname="test.testng_3" name="websitelogout" time="0.006"/>
  <testcase classname="test.testng_3" name="apilogout" time="0.0">
    <ignored/>
  </testcase> <!-- apilogout -->
  <testcase classname="test.testng_3" name="websitelogin" time="0.0">
    <ignored/>
  </testcase> <!-- websitelogin -->
  <testcase classname="test.testng_3" name="apilogin" time="0.0">
    <ignored/>
  </testcase> <!-- apilogin -->
</testsuite> <!-- Default test -->
