<?xml version="1.0" encoding="UTF-8"?>
<!-- Generated by org.testng.reporters.JUnitXMLReporter -->
<testsuite ignored="1" hostname="LAPTOP-SR90L28N" failures="0" tests="3" name="Mobile-test" time="0.007" errors="0" timestamp="2022-03-20T20:58:34 IST">
  <testcase classname="test.testng_2" name="mobileLogOut" time="0.001"/>
  <testcase classname="test.testng_2" name="mobileSignIn" time="0.001"/>
  <testcase classname="test.testng_2" name="mobileSignOut" time="0.0"/>
  <testcase classname="test.testng_2" name="mobileLogIn" time="0.0">
    <ignored/>
  </testcase> <!-- mobileLogIn -->
</testsuite> <!-- Mobile-test -->
