<?xml version="1.0" encoding="UTF-8"?>
<!-- Generated by org.testng.reporters.JUnitXMLReporter -->
<testsuite ignored="0" hostname="LAPTOP-SR90L28N" failures="0" tests="6" name="Test" time="0.061" errors="0" timestamp="2022-03-14T20:02:59 IST">
  <testcase classname="test.testng_1" name="test1" time="0.007"/>
  <testcase classname="test.testng_1" name="test2" time="0.001"/>
  <testcase classname="test.testng_3" name="apilogout" time="0.001"/>
  <testcase classname="test.testng_3" name="websitelogin" time="0.001"/>
  <testcase classname="test.testng_3" name="websitelogout" time="0.001"/>
  <testcase classname="test.testng_3" name="apilogin" time="0.0"/>
</testsuite> <!-- Test -->
