<?xml version="1.0" encoding="UTF-8"?>
<!-- Generated by org.testng.reporters.JUnitXMLReporter -->
<testsuite ignored="0" hostname="LAPTOP-SR90L28N" failures="0" tests="4" name="Test" time="0.06" errors="0" timestamp="2022-03-20T20:58:34 IST">
  <testcase classname="test.testng_1" name="test1" time="0.009"/>
  <testcase classname="test.testng_1" name="test2" time="0.002"/>
  <testcase classname="test.testng_1" name="test3" time="0.001"/>
  <testcase classname="test.testng_1" name="test4" time="0.001"/>
</testsuite> <!-- Test -->
