<?xml version="1.0" encoding="UTF-8"?>
<testng-results ignored="1" total="8" passed="7" failed="0" skipped="0">
  <reporter-output>
  </reporter-output>
  <suite started-at="2022-03-20T20:58:34 IST" name="Suite" finished-at="2022-03-20T20:58:34 IST" duration-ms="158">
    <groups>
    </groups>
    <test started-at="2022-03-20T20:58:34 IST" name="Test" finished-at="2022-03-20T20:58:34 IST" duration-ms="60">
      <class name="test.testng_1">
        <test-method signature="test1()[pri:0, instance:test.testng_1@29e495ff]" started-at="2022-03-20T20:58:34 IST" name="test1" finished-at="2022-03-20T20:58:34 IST" duration-ms="9" status="PASS">
          <reporter-output>
          </reporter-output>
        </test-method> <!-- test1 -->
        <test-method signature="test2()[pri:0, instance:test.testng_1@29e495ff]" started-at="2022-03-20T20:58:34 IST" name="test2" finished-at="2022-03-20T20:58:34 IST" duration-ms="2" status="PASS">
          <reporter-output>
          </reporter-output>
        </test-method> <!-- test2 -->
        <test-method signature="test3()[pri:0, instance:test.testng_1@29e495ff]" started-at="2022-03-20T20:58:34 IST" name="test3" finished-at="2022-03-20T20:58:34 IST" duration-ms="1" status="PASS">
          <reporter-output>
          </reporter-output>
        </test-method> <!-- test3 -->
        <test-method signature="test4()[pri:0, instance:test.testng_1@29e495ff]" started-at="2022-03-20T20:58:34 IST" name="test4" finished-at="2022-03-20T20:58:34 IST" duration-ms="1" status="PASS">
          <reporter-output>
          </reporter-output>
        </test-method> <!-- test4 -->
        <test-method is-config="true" signature="at_end_of_test()[pri:0, instance:test.testng_1@29e495ff]" started-at="2022-03-20T20:58:34 IST" name="at_end_of_test" finished-at="2022-03-20T20:58:34 IST" duration-ms="0" status="PASS">
          <reporter-output>
          </reporter-output>
        </test-method> <!-- at_end_of_test -->
      </class> <!-- test.testng_1 -->
    </test> <!-- Test -->
    <test started-at="2022-03-20T20:58:34 IST" name="Mobile-test" finished-at="2022-03-20T20:58:34 IST" duration-ms="7">
      <class name="test.testng_2">
        <test-method signature="mobileLogOut()[pri:0, instance:test.testng_2@6d4e5011]" started-at="2022-03-20T20:58:34 IST" name="mobileLogOut" finished-at="2022-03-20T20:58:34 IST" duration-ms="1" status="PASS">
          <reporter-output>
          </reporter-output>
        </test-method> <!-- mobileLogOut -->
        <test-method signature="mobileSignIn()[pri:0, instance:test.testng_2@6d4e5011]" started-at="2022-03-20T20:58:34 IST" name="mobileSignIn" finished-at="2022-03-20T20:58:34 IST" duration-ms="1" status="PASS">
          <reporter-output>
          </reporter-output>
        </test-method> <!-- mobileSignIn -->
        <test-method signature="mobileSignOut()[pri:0, instance:test.testng_2@6d4e5011]" started-at="2022-03-20T20:58:34 IST" name="mobileSignOut" finished-at="2022-03-20T20:58:34 IST" duration-ms="0" status="PASS">
          <reporter-output>
          </reporter-output>
        </test-method> <!-- mobileSignOut -->
      </class> <!-- test.testng_2 -->
    </test> <!-- Mobile-test -->
  </suite> <!-- Suite -->
</testng-results>
