<?xml version="1.0" encoding="UTF-8"?>
<testng-results ignored="0" total="10" passed="10" failed="0" skipped="0">
  <reporter-output>
  </reporter-output>
  <suite started-at="2022-03-14T20:02:59 IST" name="Suite" finished-at="2022-03-14T20:02:59 IST" duration-ms="160">
    <groups>
    </groups>
    <test started-at="2022-03-14T20:02:59 IST" name="Test" finished-at="2022-03-14T20:02:59 IST" duration-ms="61">
      <class name="test.testng_1">
        <test-method signature="test1()[pri:0, instance:test.testng_1@272ed83b]" started-at="2022-03-14T20:02:59 IST" name="test1" finished-at="2022-03-14T20:02:59 IST" duration-ms="7" status="PASS">
          <reporter-output>
          </reporter-output>
        </test-method> <!-- test1 -->
        <test-method signature="test2()[pri:0, instance:test.testng_1@272ed83b]" started-at="2022-03-14T20:02:59 IST" name="test2" finished-at="2022-03-14T20:02:59 IST" duration-ms="1" status="PASS">
          <reporter-output>
          </reporter-output>
        </test-method> <!-- test2 -->
        <test-method is-config="true" signature="at_end_of_test()[pri:0, instance:test.testng_1@272ed83b]" started-at="2022-03-14T20:02:59 IST" name="at_end_of_test" finished-at="2022-03-14T20:02:59 IST" duration-ms="0" status="PASS">
          <reporter-output>
          </reporter-output>
        </test-method> <!-- at_end_of_test -->
      </class> <!-- test.testng_1 -->
      <class name="test.testng_3">
        <test-method is-config="true" signature="At_start_of_test()[pri:0, instance:test.testng_3@5ace1ed4]" started-at="2022-03-14T20:02:59 IST" name="At_start_of_test" finished-at="2022-03-14T20:02:59 IST" duration-ms="7" status="PASS">
          <reporter-output>
          </reporter-output>
        </test-method> <!-- At_start_of_test -->
        <test-method signature="apilogout()[pri:0, instance:test.testng_3@5ace1ed4]" started-at="2022-03-14T20:02:59 IST" name="apilogout" finished-at="2022-03-14T20:02:59 IST" duration-ms="1" status="PASS">
          <reporter-output>
          </reporter-output>
        </test-method> <!-- apilogout -->
        <test-method signature="websitelogin()[pri:0, instance:test.testng_3@5ace1ed4]" started-at="2022-03-14T20:02:59 IST" name="websitelogin" finished-at="2022-03-14T20:02:59 IST" duration-ms="1" status="PASS">
          <reporter-output>
          </reporter-output>
        </test-method> <!-- websitelogin -->
        <test-method signature="websitelogout()[pri:0, instance:test.testng_3@5ace1ed4]" started-at="2022-03-14T20:02:59 IST" name="websitelogout" finished-at="2022-03-14T20:02:59 IST" duration-ms="1" status="PASS">
          <reporter-output>
          </reporter-output>
        </test-method> <!-- websitelogout -->
        <test-method signature="apilogin()[pri:0, instance:test.testng_3@5ace1ed4]" started-at="2022-03-14T20:02:59 IST" name="apilogin" finished-at="2022-03-14T20:02:59 IST" depends-on-methods="test.testng_3.websitelogout" duration-ms="0" status="PASS">
          <reporter-output>
          </reporter-output>
        </test-method> <!-- apilogin -->
      </class> <!-- test.testng_3 -->
    </test> <!-- Test -->
    <test started-at="2022-03-14T20:02:59 IST" name="Mobile-test" finished-at="2022-03-14T20:02:59 IST" duration-ms="10">
      <class name="test.testng_2">
        <test-method signature="mobileLogIn(java.lang.String)[pri:0, instance:test.testng_2@3bf9ce3e]" started-at="2022-03-14T20:02:59 IST" name="mobileLogIn" finished-at="2022-03-14T20:02:59 IST" duration-ms="1" status="PASS">
          <params>
            <param index="0">
              <value>
                <![CDATA[WWW.google.com]]>
              </value>
            </param>
          </params>
          <reporter-output>
          </reporter-output>
        </test-method> <!-- mobileLogIn -->
        <test-method signature="mobileLogOut()[pri:0, instance:test.testng_2@3bf9ce3e]" started-at="2022-03-14T20:02:59 IST" name="mobileLogOut" finished-at="2022-03-14T20:02:59 IST" duration-ms="1" status="PASS">
          <reporter-output>
          </reporter-output>
        </test-method> <!-- mobileLogOut -->
        <test-method signature="mobileSignIn()[pri:0, instance:test.testng_2@3bf9ce3e]" started-at="2022-03-14T20:02:59 IST" name="mobileSignIn" finished-at="2022-03-14T20:02:59 IST" duration-ms="0" status="PASS">
          <reporter-output>
          </reporter-output>
        </test-method> <!-- mobileSignIn -->
        <test-method signature="mobileSignOut()[pri:0, instance:test.testng_2@3bf9ce3e]" started-at="2022-03-14T20:02:59 IST" name="mobileSignOut" finished-at="2022-03-14T20:02:59 IST" duration-ms="1" status="PASS">
          <reporter-output>
          </reporter-output>
        </test-method> <!-- mobileSignOut -->
      </class> <!-- test.testng_2 -->
    </test> <!-- Mobile-test -->
  </suite> <!-- Suite -->
</testng-results>
