<?xml version="1.0" encoding="UTF-8"?>
<!-- Generated by org.testng.reporters.JUnitReportReporter -->
<testsuite hostname="LAPTOP-SR90L28N" failures="0" tests="4" name="test.testng_2" time="0.003" errors="0" timestamp="2022-03-14T20:02:59 IST" skipped="0">
  <testcase classname="test.testng_2" name="mobileLogOut" time="0.001"/>
  <system-out/>
  <testcase classname="test.testng_2" name="mobileSignIn" time="0.000"/>
  <system-out/>
  <testcase classname="test.testng_2" name="mobileLogIn" time="0.001"/>
  <system-out/>
  <testcase classname="test.testng_2" name="mobileSignOut" time="0.001"/>
  <system-out/>
</testsuite> <!-- test.testng_2 -->
